0000                             ; JIMS DISASSEMBLER SOURCE CODE
0000                             ; -----------------------------
0000                             ; 
0000                             ; Note: This file was updated so I can place it in any memory location.  This is for the BMON project.
0000                             ; For Full annotation please look at the PDF "disassembler_listing.pdf"
0000                             ; 
0000                             ; Edits by Craig Hart: removed junk code
0000                             ; fixed two remaining fixed memory references; code can now run anywhere in address apce
0000                             ; Update to add IN (xx),A and OUT (xx),A brackets
0000                             ; Update to add "," in CALL/JP/JR <flag> opcodes
0000                             ; Optimze by removing code such as JP => JP => dest.
0000                             ; 
0000                             ; 
0000                             ; Local Variables
0000                DISLINE1:   EQU   08B7H   ;Dis String Start
0000                DISLINE2:   EQU   08C9H   ;Dis Second Line
0000                DISPTR:   EQU   08DBH   ;Dis String End
0000                DISFLAG:   EQU   08DDH   ;Dis Flag for HL,IX,IY
0000                DISOSP:   EQU   08DEH   ;Original SP
0000                DISSP:    EQU   08B7H   ;Dis Stack Pointer / DISLINE1
0000                             ; 
0000                             ; BMON Perimeter Varables
0000                CEL:      EQU   082EH   ;BMon Current Editing Location
0000                PERFROM:   EQU   088DH   ;Start Address
0000                             ; 
0000                             ; LCD Ports
0000                LCDCOM:   EQU   0x04   ;LCD Command Port (Port 4)
0000                LCDDAT:   EQU   0x84   ;LCD Data Port (A7 + Port 4)
0000                             ; 
E000                          .ORG   0E000H   
E000                DIS_START:      
E000   21 B7 08               LD   HL,DISLINE1   
E003   AF                     XOR   A   
E004   32 DD 08               LD   (DISFLAG),A   
E007   22 DB 08               LD   (DISPTR),HL   
E00A   2A 8D 08               LD   HL,(PERFROM)   
E00D   E5                     PUSH   HL   
E00E   CD 96 E1               CALL   L0x318A   ; Write address to DISLINE1
E011   06 20                  LD   B,0x20   
E013   CD C5 E1               CALL   L0x31B9   ;Fill rest with spaces
E016                             ; 
E016   21 B7 08               LD   HL,DISLINE1   ; patch to FIX absoute memory addressing
E019   01 05 00               LD   BC,5   
E01C   09                     ADD   HL,BC   
E01D                             ; 
E01D   22 DB 08               LD   (DISPTR),HL   
E020   E1                     POP   HL   
E021   7E                     LD   A,(HL)   
E022   E5                     PUSH   HL   
E023   16 01                  LD   D,0x01   
E025   CD 43 E5               CALL   L0x351D   
E028   E1                     POP   HL   
E029   30 08                  JR   NC,L0x302E   
E02B   CD 3B E0               CALL   L0x3031   
E02E   4E                     LD   C,(HL)   
E02F   7E                     LD   A,(HL)   
E030   D4 21 E4               CALL   NC,L0x340E   
E033                L0X302E:      ; why JP to this code; just do it here?
E033   2A 8D 08               LD   HL,(PERFROM)   
E036   23                     INC   HL   
E037   22 8D 08               LD   (PERFROM),HL   
E03A   C9                     RET      
E03B                L0X3031:      
E03B   FE 40                  CP   0x40   
E03D   38 18                  JR   C,L0x304D   
E03F   FE C0                  CP   0xC0   
E041   38 16                  JR   C,L0x304F   
E043   FE CB                  CP   0xCB   
E045   CA EA E1               JP   Z,L0x31DE   
E048   0E 00                  LD   C,0x00   
E04A   FE DD                  CP   0xDD   
E04C   28 05                  JR   Z,L0x3049   
E04E   FE FD                  CP   0xFD   
E050   20 05                  JR   NZ,L0x304D   
E052   0C                     INC   C   
E053                L0X3049:      
E053   0C                     INC   C   
E054   C3 E1 E0               JP   L0x30D7   
E057                L0X304D:      
E057   B7                     OR   A   
E058   C9                     RET      
E059                L0X304F:      
E059   F5                     PUSH   AF   
E05A   CD 5F E0               CALL   L0x3055   
E05D   18 05                  JR   L0x305A   
E05F                L0X3055:      
E05F   06 01                  LD   B,0x01   
E061   C3 0B E2               JP   L0x31FF   
E064                L0X305A:      
E064   F1                     POP   AF   
E065                L0X305B:      
E065   FE 80                  CP   0x80   
E067   30 14                  JR   NC,L0x3073   
E069   F5                     PUSH   AF   
E06A   CD 11 E2               CALL   L0x3205   
E06D   F1                     POP   AF   
E06E   CD B8 E1               CALL   L0x31AC   
E071   F5                     PUSH   AF   
E072   CD 10 E1               CALL   L0x3106   
E075   CD 70 E1               CALL   L0x3164   
E078   F1                     POP   AF   
E079   4F                     LD   C,A   
E07A   C3 11 E1               JP   L0x3107   
E07D                L0X3073:      
E07D   E6 3F                  AND   0x3F   
E07F   CD B8 E1               CALL   L0x31AC   
E082   F5                     PUSH   AF   
E083   3E 86                  LD   A,0x86   
E085   81                     ADD   A,C   
E086   81                     ADD   A,C   
E087   81                     ADD   A,C   
E088   CD 5D E1               CALL   L0x3153   
E08B   CD 90 E0               CALL   L0x3086   
E08E   18 0C                  JR   L0x3092   
E090                L0X3086:      
E090   CD 87 E1               CALL   L0x317B   
E093   C0                     RET   NZ   
E094   0E 07                  LD   C,0x07   
E096   CD 15 E1               CALL   L0x310B   
E099   C3 70 E1               JP   L0x3164   
E09C                L0X3092:      
E09C   F1                     POP   AF   
E09D   4F                     LD   C,A   
E09E   18 70                  JR   L0x3106   
E0A0                L0X3096:      
E0A0   FE 40                  CP   0x40   
E0A2   30 16                  JR   NC,L0x30B0   
E0A4   CD B8 E1               CALL   L0x31AC   
E0A7   F5                     PUSH   AF   
E0A8   79                     LD   A,C   
E0A9   FE 07                  CP   0x07   
E0AB   20 01                  JR   NZ,L0x30A4   
E0AD   0D                     DEC   C   
E0AE                L0X30A4:      
E0AE   3E 9E                  LD   A,0x9E   
E0B0   81                     ADD   A,C   
E0B1   81                     ADD   A,C   
E0B2   81                     ADD   A,C   
E0B3   CD 5D E1               CALL   L0x3153   
E0B6   F1                     POP   AF   
E0B7   4F                     LD   C,A   
E0B8   18 56                  JR   L0x3106   
E0BA                L0X30B0:      
E0BA   D6 40                  SUB   0x40   
E0BC   F5                     PUSH   AF   
E0BD   06 B3                  LD   B,0xB3   
E0BF   FE 40                  CP   0x40   
E0C1   38 08                  JR   C,L0x30C1   
E0C3   06 B6                  LD   B,0xB6   
E0C5   FE 80                  CP   0x80   
E0C7   38 02                  JR   C,L0x30C1   
E0C9   06 B9                  LD   B,0xB9   
E0CB                L0X30C1:      
E0CB   78                     LD   A,B   
E0CC   CD 5D E1               CALL   L0x3153   
E0CF   F1                     POP   AF   
E0D0   E6 3F                  AND   0x3F   
E0D2   CD B8 E1               CALL   L0x31AC   
E0D5   F5                     PUSH   AF   
E0D6   79                     LD   A,C   
E0D7   CD A6 E1               CALL   L0x319A   
E0DA   CD 70 E1               CALL   L0x3164   
E0DD   F1                     POP   AF   
E0DE   4F                     LD   C,A   
E0DF   18 2F                  JR   L0x3106   
E0E1                L0X30D7:      
E0E1   2A 8D 08               LD   HL,(PERFROM)   
E0E4   23                     INC   HL   
E0E5   7E                     LD   A,(HL)   
E0E6   FE CB                  CP   0xCB   
E0E8   28 0A                  JR   Z,L0x30EA   
E0EA   FE BF                  CP   0xBF   
E0EC   2B                     DEC   HL   
E0ED   D0                     RET   NC   
E0EE   FE 40                  CP   0x40   
E0F0   30 05                  JR   NC,L0x30ED   
E0F2   A7                     AND   A   
E0F3   C9                     RET      
E0F4                L0X30EA:      
E0F4   CB F9                  SET   7,C   
E0F6   23                     INC   HL   
E0F7                L0X30ED:      
E0F7   23                     INC   HL   
E0F8   7E                     LD   A,(HL)   
E0F9   F5                     PUSH   AF   
E0FA   06 04                  LD   B,0x04   
E0FC   79                     LD   A,C   
E0FD   32 DD 08               LD   (DISFLAG),A   
E100   CB 79                  BIT   7,C   
E102   20 01                  JR   NZ,L0x30FB   
E104   05                     DEC   B   
E105                L0X30FB:      
E105   CD 0B E2               CALL   L0x31FF   
E108   F1                     POP   AF   
E109   CB 79                  BIT   7,C   
E10B   20 93                  JR   NZ,L0x3096   
E10D   C3 65 E0               JP   L0x305B   
E110                L0X3106:      
E110   79                     LD   A,C   
E111                L0X3107:      
E111   FE 06                  CP   0x06   
E113   28 07                  JR   Z,L0x3112   
E115                L0X310B:      
E115   3E 01                  LD   A,0x01   
E117                L0X310D:      
E117   21 A1 E7               LD   HL,TBL_REG   
E11A   18 33                  JR   L0x3145   
E11C                L0X3112:      
E11C   3A DD 08               LD   A,(DISFLAG)   
E11F   B7                     OR   A   
E120   20 06                  JR   NZ,L0x311E   
E122   0E 08                  LD   C,0x08   
E124   3E 04                  LD   A,0x04   
E126   18 EF                  JR   L0x310D   
E128                L0X311E:      
E128   F5                     PUSH   AF   
E129   1F                     RRA      
E12A   0E 0C                  LD   C,0x0C   
E12C   38 02                  JR   C,L0x3126   
E12E   0E 13                  LD   C,0x13   
E130                L0X3126:      
E130   3E 07                  LD   A,0x07   
E132   CD 17 E1               CALL   L0x310D   
E135   F1                     POP   AF   
E136   17                     RLA      
E137   ED 5B 8D 08            LD   DE,(PERFROM)   
E13B   30 01                  JR   NC,L0x3134   
E13D   1B                     DEC   DE   
E13E                L0X3134:      
E13E   3A DB 08               LD   A,(DISPTR)   
E141   D6 03                  SUB   0x03   
E143   32 DB 08               LD   (DISPTR),A   
E146   1A                     LD   A,(DE)   
E147   CD 9D E1               CALL   L0x3191   
E14A   23                     INC   HL   
E14B   22 DB 08               LD   (DISPTR),HL   
E14E   C9                     RET      
E14F                L0X3145:      
E14F   ED 5B DB 08            LD   DE,(DISPTR)   
E153   09                     ADD   HL,BC   
E154   4F                     LD   C,A   
E155   ED B0                  LDIR      
E157   ED 53 DB 08            LD   (DISPTR),DE   
E15B   37                     SCF      
E15C   C9                     RET      
E15D                L0X3153:      
E15D   21 3E E6               LD   HL,TBL_OPS   ; patch to FIX absolute memory addressing
E160   D6 82                  SUB   82h   
E162   5F                     LD   E,A   
E163   16 00                  LD   D,0   
E165   19                     ADD   HL,DE   
E166   EB                     EX   DE,HL   
E167   18 0C                  JR   L0x3169   
E169                L0X315D:      
E169   21 C9 08               LD   HL,DISLINE2   
E16C   22 DB 08               LD   (DISPTR),HL   
E16F   C9                     RET      
E170                L0X3164:      
E170   01 06 00               LD   BC,0x0006   
E173   18 A0                  JR   L0x310B   
E175                L0X3169:      
E175   2A DB 08               LD   HL,(DISPTR)   
E178   1A                     LD   A,(DE)   
E179   77                     LD   (HL),A   
E17A   CB BE                  RES   7,(HL)   
E17C   23                     INC   HL   
E17D   22 DB 08               LD   (DISPTR),HL   
E180   13                     INC   DE   
E181   B7                     OR   A   
E182   FA C3 E1               JP   M,L0x31B7   
E185   18 EE                  JR   L0x3169   
E187                L0X317B:      
E187   79                     LD   A,C   
E188   FE 04                  CP   0x04   
E18A   38 02                  JR   C,L0x3182   
E18C   B7                     OR   A   
E18D   C9                     RET      
E18E                L0X3182:      
E18E   FE 02                  CP   0x02   
E190   20 02                  JR   NZ,L0x3188   
E192   3D                     DEC   A   
E193   C9                     RET      
E194                L0X3188:      
E194   AF                     XOR   A   
E195   C9                     RET      
E196                L0X318A:      
E196   E5                     PUSH   HL   
E197   7C                     LD   A,H   
E198   CD 9D E1               CALL   L0x3191   
E19B   E1                     POP   HL   
E19C   7D                     LD   A,L   
E19D                L0X3191:      
E19D   F5                     PUSH   AF   
E19E   1F                     RRA      
E19F   1F                     RRA      
E1A0   1F                     RRA      
E1A1   1F                     RRA      
E1A2   CD A6 E1               CALL   L0x319A   
E1A5   F1                     POP   AF   
E1A6                L0X319A:      
E1A6   E6 0F                  AND   0x0F   
E1A8   C6 90                  ADD   A,0x90   
E1AA   27                     DAA      
E1AB   CE 40                  ADC   A,0x40   
E1AD   27                     DAA      
E1AE   2A DB 08               LD   HL,(DISPTR)   
E1B1   77                     LD   (HL),A   
E1B2   23                     INC   HL   
E1B3   22 DB 08               LD   (DISPTR),HL   
E1B6   37                     SCF      
E1B7   C9                     RET      
E1B8                L0X31AC:      
E1B8   F5                     PUSH   AF   
E1B9   E6 38                  AND   0x38   
E1BB   1F                     RRA      
E1BC   1F                     RRA      
E1BD   1F                     RRA      
E1BE   4F                     LD   C,A   
E1BF   F1                     POP   AF   
E1C0   E6 07                  AND   0x07   
E1C2   C9                     RET      
E1C3                L0X31B7:      
E1C3   06 01                  LD   B,0x01   
E1C5                L0X31B9:      
E1C5   3E 20                  LD   A,0x20   
E1C7   2A DB 08               LD   HL,(DISPTR)   
E1CA                L0X31BE:      
E1CA   77                     LD   (HL),A   
E1CB   23                     INC   HL   
E1CC   10 FC                  DJNZ   L0x31BE   
E1CE   22 DB 08               LD   (DISPTR),HL   
E1D1   C9                     RET      
E1D2                L0X31C6:      
E1D2   ED 5B 8D 08            LD   DE,(PERFROM)   
E1D6                L0X31CA:      
E1D6   C5                     PUSH   BC   
E1D7   1A                     LD   A,(DE)   
E1D8   F5                     PUSH   AF   
E1D9   CD 9D E1               CALL   L0x3191   
E1DC   CD C3 E1               CALL   L0x31B7   
E1DF   F1                     POP   AF   
E1E0   13                     INC   DE   
E1E1   C1                     POP   BC   
E1E2   10 F2                  DJNZ   L0x31CA   
E1E4   1B                     DEC   DE   
E1E5   ED 53 8D 08            LD   (PERFROM),DE   
E1E9   C9                     RET      
E1EA                L0X31DE:      
E1EA   06 02                  LD   B,0x02   
E1EC   CD D2 E1               CALL   L0x31C6   
E1EF   CD 69 E1               CALL   L0x315D   
E1F2   C3 A0 E0               JP   L0x3096   
E1F5                L0X31E9:      
E1F5   E6 CF                  AND   0xCF   
E1F7   FE 01                  CP   0x01   
E1F9   20 47                  JR   NZ,L0x3236   
E1FB   CD 09 E2               CALL   L0x31FD   
E1FE   CD 11 E2               CALL   L0x3205   
E201   CD 16 E2               CALL   L0x320A   
E204   CD 70 E1               CALL   L0x3164   
E207   18 24                  JR   L0x3221   
E209                L0X31FD:      
E209   06 03                  LD   B,0x03   
E20B                L0X31FF:      
E20B   CD D2 E1               CALL   L0x31C6   
E20E   C3 69 E1               JP   L0x315D   
E211                L0X3205:      
E211   3E 83                  LD   A,0x83   
E213   C3 5D E1               JP   L0x3153   
E216                L0X320A:      
E216   79                     LD   A,C   
E217                L0X320B:      
E217   F5                     PUSH   AF   
E218   E6 30                  AND   0x30   
E21A   CD C4 E5               CALL   L0x35A6   
E21D   C6 1A                  ADD   A,0x1A   
E21F   06 00                  LD   B,0x00   
E221   4F                     LD   C,A   
E222   3E 02                  LD   A,0x02   
E224   21 A1 E7               LD   HL,TBL_REG   
E227   CD 4F E1               CALL   L0x3145   
E22A   F1                     POP   AF   
E22B   4F                     LD   C,A   
E22C   C9                     RET      
E22D                L0X3221:      
E22D   2A 8D 08               LD   HL,(PERFROM)   
E230   7E                     LD   A,(HL)   
E231   E5                     PUSH   HL   
E232   CD 9D E1               CALL   L0x3191   
E235   E1                     POP   HL   
E236   2B                     DEC   HL   
E237   7E                     LD   A,(HL)   
E238   E5                     PUSH   HL   
E239   CD 9D E1               CALL   L0x3191   
E23C   E1                     POP   HL   
E23D   23                     INC   HL   
E23E   22 8D 08               LD   (PERFROM),HL   
E241   C9                     RET      
E242                L0X3236:      
E242   E6 C7                  AND   0xC7   
E244   FE 06                  CP   0x06   
E246   20 18                  JR   NZ,L0x3254   
E248   06 02                  LD   B,0x02   
E24A   CD CA E2               CALL   L0x32BE   
E24D   79                     LD   A,C   
E24E   CD B8 E1               CALL   L0x31AC   
E251   06 00                  LD   B,0x00   
E253   CD 05 E6               CALL   L0x35E7   
E256   CD 70 E1               CALL   L0x3164   
E259                L0X324D:      
E259   2A 8D 08               LD   HL,(PERFROM)   
E25C   7E                     LD   A,(HL)   
E25D   C3 9D E1               JP   L0x3191   
E260                L0X3254:      
E260   79                     LD   A,C   
E261   F5                     PUSH   AF   
E262   E6 EF                  AND   0xEF   
E264   FE 0A                  CP   0x0A   
E266   20 1F                  JR   NZ,L0x327B   
E268   06 01                  LD   B,0x01   
E26A   CD CA E2               CALL   L0x32BE   
E26D   79                     LD   A,C   
E26E   01 07 00               LD   BC,0x0007   
E271   CD 15 E1               CALL   L0x310B   
E274   CD 70 E1               CALL   L0x3164   
E277                L0X326B:      
E277   01 08 00               LD   BC,0x0008   
E27A   CD 15 E1               CALL   L0x310B   
E27D   F1                     POP   AF   
E27E   CD 17 E2               CALL   L0x320B   
E281   01 0B 00               LD   BC,0x000B   
E284   C3 15 E1               JP   L0x310B   
E287                L0X327B:      
E287   FE 02                  CP   0x02   
E289   20 11                  JR   NZ,L0x3290   
E28B   06 01                  LD   B,0x01   
E28D   CD CA E2               CALL   L0x32BE   
E290   CD 21 E6               CALL   L0x3603   
E293                L0X3287:      
E293   CD 70 E1               CALL   L0x3164   
E296   01 07 00               LD   BC,0x0007   
E299   C3 15 E1               JP   L0x310B   
E29C                L0X3290:      
E29C   FE 22                  CP   0x22   
E29E   20 30                  JR   NZ,L0x32C4   
E2A0   06 03                  LD   B,0x03   
E2A2   CD CA E2               CALL   L0x32BE   
E2A5   CD BB E2               CALL   L0x32AF   
E2A8   CD 70 E1               CALL   L0x3164   
E2AB   F1                     POP   AF   
E2AC                L0X32A0:      
E2AC   CB 67                  BIT   4,A   
E2AE   20 03                  JR   NZ,L0x32A7   
E2B0                L0X32A4:      
E2B0   C3 EB E5               JP   L0x35CD   
E2B3                L0X32A7:      
E2B3   3E 01                  LD   A,0x01   
E2B5   01 07 00               LD   BC,0x0007   
E2B8   C3 17 E1               JP   L0x310D   
E2BB                L0X32AF:      
E2BB   01 08 00               LD   BC,0x0008   
E2BE   CD 15 E1               CALL   L0x310B   
E2C1   CD 2D E2               CALL   L0x3221   
E2C4   01 0B 00               LD   BC,0x000B   
E2C7   C3 15 E1               JP   L0x310B   
E2CA                L0X32BE:      
E2CA   CD 0B E2               CALL   L0x31FF   
E2CD   C3 11 E2               JP   L0x3205   
E2D0                L0X32C4:      
E2D0   FE 2A                  CP   0x2A   
E2D2   20 0E                  JR   NZ,L0x32D6   
E2D4   06 03                  LD   B,0x03   
E2D6   CD CA E2               CALL   L0x32BE   
E2D9   F1                     POP   AF   
E2DA   CD AC E2               CALL   L0x32A0   
E2DD   CD 70 E1               CALL   L0x3164   
E2E0   18 D9                  JR   L0x32AF   
E2E2                L0X32D6:      
E2E2   E6 CF                  AND   0xCF   
E2E4   FE 03                  CP   0x03   
E2E6   20 0F                  JR   NZ,L0x32EB   
E2E8   CD EF E2               CALL   L0x32E3   
E2EB   F1                     POP   AF   
E2EC   C3 17 E2               JP   L0x320B   
E2EF                L0X32E3:      
E2EF   CD 5F E0               CALL   L0x3055   
E2F2   3E BC                  LD   A,0xBC   
E2F4                L0X32E8:      
E2F4   C3 5D E1               JP   L0x3153   
E2F7                L0X32EB:      
E2F7   FE 0B                  CP   0x0B   
E2F9   20 0C                  JR   NZ,L0x32FB   
E2FB   CD 02 E3               CALL   L0x32F6   
E2FE   F1                     POP   AF   
E2FF   C3 17 E2               JP   L0x320B   
E302                L0X32F6:      
E302   3E BF                  LD   A,0xBF   
E304   C3 37 E5               JP   L0x3511   
E307                L0X32FB:      
E307   E6 C7                  AND   0xC7   
E309   FE 04                  CP   0x04   
E30B   20 0A                  JR   NZ,L0x330B   
E30D   CD EF E2               CALL   L0x32E3   
E310   F1                     POP   AF   
E311                L0X3305:      
E311   CD B8 E1               CALL   L0x31AC   
E314   C3 10 E1               JP   L0x3106   
E317                L0X330B:      
E317   FE 05                  CP   0x05   
E319   20 06                  JR   NZ,L0x3315   
E31B   CD 02 E3               CALL   L0x32F6   
E31E   F1                     POP   AF   
E31F   18 F0                  JR   L0x3305   
E321                L0X3315:      
E321   79                     LD   A,C   
E322   E6 CF                  AND   0xCF   
E324   FE 09                  CP   0x09   
E326   20 0F                  JR   NZ,L0x332B   
E328   3E 86                  LD   A,0x86   
E32A   CD 37 E5               CALL   L0x3511   
E32D   CD B0 E2               CALL   L0x32A4   
E330   CD 70 E1               CALL   L0x3164   
E333   F1                     POP   AF   
E334   C3 17 E2               JP   L0x320B   
E337                L0X332B:      
E337   F1                     POP   AF   
E338   FE 10                  CP   0x10   
E33A   20 0F                  JR   NZ,L0x334B   
E33C   3E D9                  LD   A,0xD9   
E33E                L0X3332:      
E33E   F5                     PUSH   AF   
E33F   06 02                  LD   B,0x02   
E341   CD 0B E2               CALL   L0x31FF   
E344   F1                     POP   AF   
E345   CD 5D E1               CALL   L0x3153   
E348   C3 11 E6               JP   L0x35F3   
E34B                L0X334B:      
E34B   FE 18                  CP   0x18   
E34D   20 04                  JR   NZ,L0x3353   
E34F   3E D5                  LD   A,0xD5   
E351   18 EB                  JR   L0x3332   
E353                L0X3353:      
E353   79                     LD   A,C   
E354   E6 C7                  AND   0xC7   
E356   B7                     OR   A   
E357   20 35                  JR   NZ,L0x3377   
E359   79                     LD   A,C   
E35A   F5                     PUSH   AF   
E35B   06 02                  LD   B,0x02   
E35D   CD 0B E2               CALL   L0x31FF   
E360   3E D5                  LD   A,0xD5   
E362   CD 5D E1               CALL   L0x3153   
E365   F1                     POP   AF   
E366   CD 83 E3               CALL   L0x336C   
E369   CD 6F E3               CALL   fixcomma   
E36C   C3 11 E6               JP   L0x35F3   
E36F                             ; 
E36F                FIXCOMMA:      ; comma fix for JP/JR <flag>, xxx
E36F   E5                     PUSH   hl   
E370   F5                     PUSH   af   
E371   2A DB 08               LD   hl,(DISPTR)   
E374   2B                     DEC   hl   
E375   3E 2C                  LD   a,02ch   ; ","
E377   77                     LD   (hl),a   
E378   23                     INC   hl   
E379   3E 20                  LD   a,020h   ; " "
E37B   77                     LD   (hl),a   
E37C   23                     INC   hl   
E37D   22 DB 08               LD   (DISPTR),hl   
E380   F1                     POP   af   
E381   E1                     POP   hl   
E382   C9                     RET      
E383                             ; 
E383                L0X336C:      
E383   E6 18                  AND   0x18   
E385                L0X336E:      
E385   1F                     RRA      
E386   1F                     RRA      
E387   1F                     RRA      
E388   87                     ADD   A,A   
E389   C6 DD                  ADD   A,0xDD   
E38B   C3 5D E1               JP   L0x3153   
E38E                L0X3377:      
E38E   79                     LD   A,C   
E38F   FE C3                  CP   0xC3   
E391   28 0E                  JR   Z,L0x3391   
E393   FE CD                  CP   0xCD   
E395   28 06                  JR   Z,L0x338D   
E397   18 1E                  JR   L0x33A7   
E399                L0X3389:      
E399   E6 38                  AND   0x38   
E39B   18 E8                  JR   L0x336E   
E39D                L0X338D:      
E39D   3E C8                  LD   A,0xC8   
E39F   18 02                  JR   L0x3393   
E3A1                L0X3391:      
E3A1   3E CC                  LD   A,0xCC   
E3A3                L0X3393:      
E3A3   06 03                  LD   B,0x03   
E3A5   F5                     PUSH   AF   
E3A6   CD 0B E2               CALL   L0x31FF   
E3A9   F1                     POP   AF   
E3AA   FE A6                  CP   0xA6   
E3AC   20 03                  JR   NZ,L0x33A1   
E3AE   C3 5D E1               JP   L0x3153   
E3B1                L0X33A1:      
E3B1   CD F4 E2               CALL   L0x32E8   
E3B4   C3 2D E2               JP   L0x3221   
E3B7                L0X33A7:      
E3B7   E6 C7                  AND   0xC7   
E3B9   FE C0                  CP   0xC0   
E3BB   20 18                  JR   NZ,L0x33C5   
E3BD   3E C5                  LD   A,0xC5   
E3BF   06 01                  LD   B,0x01   
E3C1   CD C8 E3               CALL   L0x33B8   
E3C4   2B                     DEC   HL   
E3C5   36 20                  LD   (HL),0x20   
E3C7   C9                     RET      
E3C8                L0X33B8:      
E3C8   C5                     PUSH   BC   
E3C9   F5                     PUSH   AF   
E3CA   CD 0B E2               CALL   L0x31FF   
E3CD   F1                     POP   AF   
E3CE   CD F4 E2               CALL   L0x32E8   
E3D1   C1                     POP   BC   
E3D2   79                     LD   A,C   
E3D3   18 C4                  JR   L0x3389   
E3D5                L0X33C5:      
E3D5   79                     LD   A,C   
E3D6   E6 C7                  AND   0xC7   
E3D8   FE C4                  CP   0xC4   
E3DA   20 0D                  JR   NZ,L0x33D6   
E3DC   3E C8                  LD   A,0xC8   
E3DE                L0X33CE:      
E3DE   06 03                  LD   B,0x03   
E3E0   CD C8 E3               CALL   L0x33B8   
E3E3   CD 6F E3               CALL   fixcomma   
E3E6   C3 2D E2               JP   L0x3221   
E3E9                L0X33D6:      
E3E9   FE C2                  CP   0xC2   
E3EB   20 04                  JR   NZ,L0x33DE   
E3ED   3E CC                  LD   A,0xCC   
E3EF   18 ED                  JR   L0x33CE   
E3F1                L0X33DE:      
E3F1   79                     LD   A,C   
E3F2   E6 CF                  AND   0xCF   
E3F4   FE C1                  CP   0xC1   
E3F6   20 04                  JR   NZ,L0x33E9   
E3F8   3E CE                  LD   A,0xCE   
E3FA   18 05                  JR   L0x33EE   
E3FC                L0X33E9:      
E3FC   FE C5                  CP   0xC5   
E3FE   C0                     RET   NZ   
E3FF   3E D1                  LD   A,0xD1   
E401                L0X33EE:      
E401   C5                     PUSH   BC   
E402   F5                     PUSH   AF   
E403   CD 5F E0               CALL   L0x3055   
E406   F1                     POP   AF   
E407   CD F4 E2               CALL   L0x32E8   
E40A   C1                     POP   BC   
E40B   79                     LD   A,C   
E40C   FE F1                  CP   0xF1   
E40E   28 04                  JR   Z,L0x3401   
E410   FE F5                  CP   0xF5   
E412   20 0A                  JR   NZ,L0x340B   
E414                L0X3401:      
E414   36 41                  LD   (HL),0x41   
E416   23                     INC   HL   
E417   36 46                  LD   (HL),0x46   
E419   23                     INC   HL   
E41A   22 DB 08               LD   (DISPTR),HL   
E41D   C9                     RET      
E41E                L0X340B:      
E41E   C3 17 E2               JP   L0x320B   
E421                L0X340E:      
E421   E6 C7                  AND   0xC7   
E423   FE C7                  CP   0xC7   
E425   20 0D                  JR   NZ,L0x3421   
E427   79                     LD   A,C   
E428   F5                     PUSH   AF   
E429   3E C2                  LD   A,0xC2   
E42B   CD 37 E5               CALL   L0x3511   
E42E   F1                     POP   AF   
E42F   E6 38                  AND   0x38   
E431   C3 9D E1               JP   L0x3191   
E434                L0X3421:      
E434   E6 C6                  AND   0xC6   
E436   FE C6                  CP   0xC6   
E438   79                     LD   A,C   
E439   20 18                  JR   NZ,L0x3440   
E43B   AF                     XOR   A   
E43C   CD 0A E5               CALL   L0x34F7   
E43F   79                     LD   A,C   
E440   C5                     PUSH   BC   
E441   CD B8 E1               CALL   L0x31AC   
E444   3E 86                  LD   A,0x86   
E446   81                     ADD   A,C   
E447   81                     ADD   A,C   
E448   81                     ADD   A,C   
E449   CD 5D E1               CALL   L0x3153   
E44C                L0X3439:      
E44C   CD 90 E0               CALL   L0x3086   
E44F   C1                     POP   BC   
E450   C3 59 E2               JP   L0x324D   
E453                L0X3440:      
E453   FE ED                  CP   0xED   
E455   C2 FB E4               JP   NZ,L0x34E8   
E458   2A 8D 08               LD   HL,(PERFROM)   
E45B   23                     INC   HL   
E45C   7E                     LD   A,(HL)   
E45D   4F                     LD   C,A   
E45E   E6 C7                  AND   0xC7   
E460   FE 43                  CP   0x43   
E462   20 20                  JR   NZ,L0x3471   
E464   06 04                  LD   B,0x04   
E466   CD 0B E2               CALL   L0x31FF   
E469   CD 11 E2               CALL   L0x3205   
E46C   CB 59                  BIT   3,C   
E46E   20 0B                  JR   NZ,L0x3468   
E470   C5                     PUSH   BC   
E471   CD BB E2               CALL   L0x32AF   
E474   CD 70 E1               CALL   L0x3164   
E477   C1                     POP   BC   
E478   C3 16 E2               JP   L0x320A   
E47B                L0X3468:      
E47B   CD 16 E2               CALL   L0x320A   
E47E   CD 70 E1               CALL   L0x3164   
E481   C3 BB E2               JP   L0x32AF   
E484                L0X3471:      
E484   06 02                  LD   B,0x02   
E486   18 6A                  JR   L0x34DF   
E488                L0X3475:      
E488   79                     LD   A,C   
E489   E6 C7                  AND   0xC7   
E48B   FE 40                  CP   0x40   
E48D   20 1A                  JR   NZ,L0x3496   
E48F   C5                     PUSH   BC   
E490   3E F0                  LD   A,0xF0   
E492   CD 5D E1               CALL   L0x3153   
E495   C1                     POP   BC   
E496   79                     LD   A,C   
E497   CD B8 E1               CALL   L0x31AC   
E49A   79                     LD   A,C   
E49B   CD 15 E1               CALL   L0x310B   
E49E   CD 70 E1               CALL   L0x3164   
E4A1                L0X348E:      
E4A1   01 22 00               LD   BC,0x0022   
E4A4   3E 03                  LD   A,0x03   
E4A6   C3 17 E1               JP   L0x310D   
E4A9                L0X3496:      
E4A9   FE 41                  CP   0x41   
E4AB   20 15                  JR   NZ,L0x34AF   
E4AD   C5                     PUSH   BC   
E4AE   3E ED                  LD   A,0xED   
E4B0   CD 5D E1               CALL   L0x3153   
E4B3   CD A1 E4               CALL   L0x348E   
E4B6   CD 70 E1               CALL   L0x3164   
E4B9   C1                     POP   BC   
E4BA   79                     LD   A,C   
E4BB   CD B8 E1               CALL   L0x31AC   
E4BE   79                     LD   A,C   
E4BF   C3 15 E1               JP   L0x310B   
E4C2                L0X34AF:      
E4C2   FE 42                  CP   0x42   
E4C4   20 35                  JR   NZ,L0x34E8   
E4C6   C5                     PUSH   BC   
E4C7   79                     LD   A,C   
E4C8   CB 5F                  BIT   3,A   
E4CA   20 07                  JR   NZ,L0x34C0   
E4CC   3E 8F                  LD   A,0x8F   
E4CE   CD 5D E1               CALL   L0x3153   
E4D1   18 05                  JR   L0x34C5   
E4D3                L0X34C0:      
E4D3   3E 89                  LD   A,0x89   
E4D5   CD 5D E1               CALL   L0x3153   
E4D8                L0X34C5:      
E4D8   CD B0 E2               CALL   L0x32A4   
E4DB   CD 70 E1               CALL   L0x3164   
E4DE   C1                     POP   BC   
E4DF   C3 16 E2               JP   L0x320A   
E4E2                L0X34CF:      
E4E2   06 1C                  LD   B,0x1C   
E4E4   2A 8D 08               LD   HL,(PERFROM)   
E4E7   23                     INC   HL   
E4E8   7E                     LD   A,(HL)   
E4E9   21 16 E7               LD   HL,TBL_EXC   
E4EC   06 1C                  LD   B,0x1C   
E4EE   16 02                  LD   D,0x02   
E4F0   18 56                  JR   L0x3522   
E4F2                L0X34DF:      
E4F2   E6 84                  AND   0x84   
E4F4   20 EC                  JR   NZ,L0x34CF   
E4F6   CD 0B E2               CALL   L0x31FF   
E4F9   18 8D                  JR   L0x3475   
E4FB                L0X34E8:      
E4FB   FE D3                  CP   0xD3   
E4FD   20 27                  JR   NZ,L0x3502   
E4FF   3E ED                  LD   A,0xED   
E501   CD 0A E5               CALL   L0x34F7   
E504   CD 0E E5               CALL   L0x34FB   
E507   C3 93 E2               JP   L0x3287   
E50A                L0X34F7:      
E50A   06 02                  LD   B,0x02   
E50C   18 2B                  JR   L0x3513   
E50E                L0X34FB:      
E50E   2A DB 08               LD   hl,(DISPTR)   ; re-write to add () to IN/OUT (xx),A
E511   3E 28                  LD   a,028h   ; "("
E513   77                     LD   (hl),a   
E514   23                     INC   hl   
E515   22 DB 08               LD   (DISPTR),hl   
E518   CD 59 E2               CALL   L0x324D   
E51B   2A DB 08               LD   hl,(DISPTR)   
E51E   3E 29                  LD   a,029h   ; ")"
E520   77                     LD   (hl),a   
E521   23                     INC   hl   
E522   22 DB 08               LD   (DISPTR),hl   
E525   C9                     RET      
E526                L0X3502:      
E526   FE DB                  CP   0xDB   
E528   20 47                  JR   NZ,L0x354B   
E52A   3E F0                  LD   A,0xF0   
E52C   CD 0A E5               CALL   L0x34F7   
E52F   0E 00                  LD   C,0x00   
E531   CD 90 E0               CALL   L0x3086   ; optimization, skips push/pop not needed
E534   C3 0E E5               JP   L0x34FB   
E537                L0X3511:      
E537   06 01                  LD   B,0x01   
E539                L0X3513:      
E539   F5                     PUSH   AF   
E53A   CD 0B E2               CALL   L0x31FF   
E53D   F1                     POP   AF   
E53E   B7                     OR   A   
E53F   C2 5D E1               JP   NZ,L0x3153   
E542   C9                     RET      
E543                L0X351D:      
E543   06 13                  LD   B,0x13   
E545   21 AE E6               LD   HL,TBL_OBT   
E548                L0X3522:      
E548   BE                     CP   (HL)   
E549   28 0A                  JR   Z,L0x352F   
E54B                L0X3525:      
E54B   23                     INC   HL   
E54C   CB 7E                  BIT   7,(HL)   
E54E   28 FB                  JR   Z,L0x3525   
E550   23                     INC   HL   
E551   10 F5                  DJNZ   L0x3522   
E553   37                     SCF      
E554   C9                     RET      
E555                L0X352F:      
E555   E5                     PUSH   HL   
E556   42                     LD   B,D   
E557   CD 0B E2               CALL   L0x31FF   
E55A   E1                     POP   HL   
E55B   ED 5B DB 08            LD   DE,(DISPTR)   
E55F                L0X3539:      
E55F   23                     INC   HL   
E560   7E                     LD   A,(HL)   
E561   12                     LD   (DE),A   
E562   13                     INC   DE   
E563   CB 7F                  BIT   7,A   
E565   28 F8                  JR   Z,L0x3539   
E567   EB                     EX   DE,HL   
E568   2B                     DEC   HL   
E569   CB BE                  RES   7,(HL)   
E56B   23                     INC   HL   
E56C   22 DB 08               LD   (DISPTR),HL   
E56F   B7                     OR   A   
E570   C9                     RET      
E571                L0X354B:      
E571   2A DB 08               LD   HL,(DISPTR)   
E574   FE DD                  CP   0xDD   
E576   20 07                  JR   NZ,L0x3559   
E578   36 44                  LD   (HL),0x44   
E57A   23                     INC   HL   
E57B   3E 11                  LD   A,0x11   
E57D   18 09                  JR   L0x3562   
E57F                L0X3559:      
E57F   FE FD                  CP   0xFD   
E581   20 33                  JR   NZ,L0x3590   
E583   36 46                  LD   (HL),0x46   
E585   23                     INC   HL   
E586   3E 22                  LD   A,0x22   
E588                L0X3562:      
E588   32 DD 08               LD   (DISFLAG),A   
E58B   36 44                  LD   (HL),0x44   
E58D   23                     INC   HL   
E58E   23                     INC   HL   
E58F   22 DB 08               LD   (DISPTR),HL   
E592   2A 8D 08               LD   HL,(PERFROM)   
E595   23                     INC   HL   
E596   4E                     LD   C,(HL)   
E597   7E                     LD   A,(HL)   
E598   22 8D 08               LD   (PERFROM),HL   
E59B   FE 36                  CP   0x36   
E59D   E5                     PUSH   HL   
E59E   CC 09 E2               CALL   Z,L0x31FD   
E5A1   79                     LD   A,C   
E5A2   E6 FE                  AND   0xFE   
E5A4   FE 34                  CP   0x34   
E5A6   06 02                  LD   B,0x02   
E5A8   CC 0B E2               CALL   Z,L0x31FF   
E5AB   E1                     POP   HL   
E5AC   7E                     LD   A,(HL)   
E5AD   FE E9                  CP   0xE9   
E5AF   28 02                  JR   Z,L0x358D   
E5B1   FE E3                  CP   0xE3   
E5B3                L0X358D:      
E5B3   28 73                  JR   Z,L0x360A   
E5B5   79                     LD   A,C   
E5B6                L0X3590:      
E5B6   C3 F5 E1               JP   L0x31E9   
E5B9                L0X3593:      
E5B9   2A 8D 08               LD   HL,(PERFROM)   
E5BC   2B                     DEC   HL   
E5BD   2B                     DEC   HL   
E5BE   22 8D 08               LD   (PERFROM),HL   
E5C1   CD 10 E1               CALL   L0x3106   
E5C4                L0X35A6:      
E5C4   1F                     RRA      
E5C5   1F                     RRA      
E5C6   1F                     RRA      
E5C7   FE 04                  CP   0x04   
E5C9   C0                     RET   NZ   
E5CA   3A DD 08               LD   A,(DISFLAG)   
E5CD   0F                     RRCA      
E5CE   30 03                  JR   NC,L0x35B5   
E5D0   3E F3                  LD   A,0xF3   
E5D2   C9                     RET      
E5D3                L0X35B5:      
E5D3   0F                     RRCA      
E5D4   30 03                  JR   NC,L0x35BB   
E5D6   3E FA                  LD   A,0xFA   
E5D8   C9                     RET      
E5D9                L0X35BB:      
E5D9   3E 04                  LD   A,0x04   
E5DB   C9                     RET      
E5DC   01 08 00               LD   BC,0x0008   
E5DF   CD 15 E1               CALL   L0x310B   
E5E2   CD EB E5               CALL   L0x35CD   
E5E5   01 0B 00               LD   BC,0x000B   
E5E8   C3 15 E1               JP   L0x310B   
E5EB                L0X35CD:      
E5EB   3A DD 08               LD   A,(DISFLAG)   
E5EE   06 00                  LD   B,0x00   
E5F0   0F                     RRCA      
E5F1   30 04                  JR   NC,L0x35D9   
E5F3   0E 0D                  LD   C,0x0D   
E5F5   18 09                  JR   L0x35E2   
E5F7                L0X35D9:      
E5F7   0F                     RRCA      
E5F8   30 04                  JR   NC,L0x35E0   
E5FA   0E 14                  LD   C,0x14   
E5FC   18 02                  JR   L0x35E2   
E5FE                L0X35E0:      
E5FE   0E 04                  LD   C,0x04   
E600                L0X35E2:      
E600   3E 02                  LD   A,0x02   
E602   C3 17 E1               JP   L0x310D   
E605                L0X35E7:      
E605   3A DD 08               LD   A,(DISFLAG)   
E608   0F                     RRCA      
E609                L0X35EB:      
E609   38 AE                  JR   C,L0x3593   
E60B   0F                     RRCA      
E60C   38 FB                  JR   C,L0x35EB   
E60E   C3 10 E1               JP   L0x3106   
E611                L0X35F3:      
E611   2A 8D 08               LD   HL,(PERFROM)   
E614   5E                     LD   E,(HL)   
E615   AF                     XOR   A   
E616   CB 7B                  BIT   7,E   
E618   28 01                  JR   Z,L0x35FD   
E61A   2F                     CPL      
E61B                L0X35FD:      
E61B   57                     LD   D,A   
E61C   23                     INC   HL   
E61D   19                     ADD   HL,DE   
E61E   C3 96 E1               JP   L0x318A   
E621                L0X3603:      
E621   E1                     POP   HL   
E622   F1                     POP   AF   
E623   E5                     PUSH   HL   
E624   F5                     PUSH   AF   
E625   C3 77 E2               JP   L0x326B   
E628                L0X360A:      
E628   79                     LD   A,C   
E629   CD 43 E5               CALL   L0x351D   
E62C                L0X360E:      
E62C   2B                     DEC   HL   
E62D   7E                     LD   A,(HL)   
E62E   FE 48                  CP   0x48   
E630   20 FA                  JR   NZ,L0x360E   
E632   36 49                  LD   (HL),0x49   
E634   23                     INC   HL   
E635   36 58                  LD   (HL),0x58   
E637   3A DD 08               LD   A,(DISFLAG)   
E63A   0F                     RRCA      
E63B   D8                     RET   C   
E63C   34                     INC   (HL)   
E63D   C9                     RET      
E63E                             ; 
E63E                             ;START OF Loopup tables
E63E                             ;ORG 3620
E63E                TBL_OPS:      
E63E   49                     DB   0x49   ;I 82 < WHERE "82H" IS THE INDEX HERE
E63F   4C C4 00               DB   0x4C,0xC4,0x00   ;LD 83
E642   41 44 C4               DB   0x41,0x44,0xC4   ;ADD 86
E645   41 44 C3               DB   0x41,0x44,0xC3   ;ADC 89
E648   53 55 C2               DB   0x53,0x55,0xC2   ;SUB 8C
E64B   53 42 C3               DB   0x53,0x42,0xC3   ;SBC 8F
E64E   41 4E C4               DB   0x41,0x4E,0xC4   ;AND 92
E651   58 4F D2               DB   0x58,0x4F,0xD2   ;XOR 95
E654   4F D2 00               DB   0x4F,0xD2,0x00   ;OR 98
E657   43 D0 00               DB   0x43,0xD0,0x00   ;CP 9B
E65A   52 4C C3               DB   0x52,0x4C,0xC3   ;RLC 9E
E65D   52 52 C3               DB   0x52,0x52,0xC3   ;RRC A1
E660   52 CC 00               DB   0x52,0xCC,0x00   ;RL A4
E663   52 D2 00               DB   0x52,0xD2,0x00   ;RR A7
E666   53 4C C1               DB   0x53,0x4C,0xC1   ;SLA AA
E669   53 52 C1               DB   0x53,0x52,0xC1   ;SRA AD
E66C   53 52 CC               DB   0x53,0x52,0xCC   ;SRL B0
E66F   42 49 D4               DB   0x42,0x49,0xD4   ;BIT B3
E672   52 45 D3               DB   0x52,0x45,0xD3   ;RES B6
E675   53 45 D4               DB   0x53,0x45,0xD4   ;SET B9
E678   49 4E C3               DB   0x49,0x4E,0xC3   ;INC BC
E67B   44 45 C3               DB   0x44,0x45,0xC3   ;DEC BF
E67E   52 53 D4               DB   0x52,0x53,0xD4   ;RST C2
E681   52 45 D4               DB   0x52,0x45,0xD4   ;RET C5
E684   43 41 4C CC            DB   0x43,0x41,0x4C,0xCC   ;CALL C8
E688   4A D0                  DB   0x4A,0xD0   ;JP CC
E68A   50 4F D0               DB   0x50,0x4F,0xD0   ;POP CE
E68D   50 55 53 C8            DB   0x50,0x55,0x53,0xC8   ;PUSH D1
E691   4A D2                  DB   0x4A,0xD2   ;JR D5
E693   45 D8                  DB   0x45,0xD8   ;EX D7
E695   44 4A 4E DA            DB   0x44,0x4A,0x4E,0xDA   ;DJNZ D9
E699                             ; 
E699                TBL_FLG:      
E699   4E DA                  DB   0x4E,0xDA   ;NZ DD
E69B   DA 20                  DB   0xDA,0x20   ;Z_ DF
E69D   4E C3                  DB   0x4E,0xC3   ;NC E1
E69F   C3 00                  DB   0xC3,0x00   ;C_E3
E6A1   50 CF                  DB   0x50,0xCF   ;PO E5
E6A3   50 C5                  DB   0x50,0xC5   ;PE E7
E6A5   D0 00                  DB   0xD0,0x00   ;P_ E9
E6A7   CD 00                  DB   0xCD,0x00   ;M_ EB
E6A9   4F 55 D4               DB   0x4F,0x55,0xD4   ;OUT ED
E6AC   49 CE                  DB   0x49,0xCE   ;IN F0
E6AE                             ; 
E6AE                TBL_OBT:      
E6AE   00 4E 4F D0            DB   0x00,0x4E,0x4F,0xD0   ;NOP
E6B2   07 52 4C 43 C1         DB   0x07,0x52,0x4C,0x43,0xC1   ;RLCA
E6B7   08 45 58 20 41 46 2C 41 46 A7 DB   0x08,0x45,0x58,0x20,0x41,0x46,0x2C,0x41,0x46,0xA7   ;EX AF,AF'
E6C1   0F 52 52 43 C1         DB   0x0F,0x52,0x52,0x43,0xC1   ;RRCA
E6C6   17 52 4C C1            DB   0x17,0x52,0x4C,0xC1   ;RLA
E6CA   1F 52 52 C1            DB   0x1F,0x52,0x52,0xC1   ;RRA
E6CE   27 44 41 C1            DB   0x27,0x44,0x41,0xC1   ;DAA
E6D2   2F 43 50 CC            DB   0x2F,0x43,0x50,0xCC   ;CPL
E6D6   37 53 43 C6            DB   0x37,0x53,0x43,0xC6   ;SCF
E6DA   3F 43 43 C6            DB   0x3F,0x43,0x43,0xC6   ;CCF
E6DE   76 48 41 4C D4         DB   0x76,0x48,0x41,0x4C,0xD4   ;HALT
E6E3   C9 52 45 D4            DB   0xC9,0x52,0x45,0xD4   ;RET
E6E7   D9 45 58 D8            DB   0xD9,0x45,0x58,0xD8   ;EXX
E6EB   E3 45 58 20 28 53 50 29 2C 48 CC DB   0xE3,0x45,0x58,0x20,0x28,0x53,0x50,0x29,0x2C,0x48,0xCC   ;EX (SP),HL
E6F6   E9 4A 50 20 28 48 4C A9 DB   0xE9,0x4A,0x50,0x20,0x28,0x48,0x4C,0xA9   ;JP (HL)
E6FE   EB 45 58 20 44 45 2C 48 CC DB   0xEB,0x45,0x58,0x20,0x44,0x45,0x2C,0x48,0xCC   ;EX DE,HL
E707   F3 44 C9               DB   0xF3,0x44,0xC9   ;DI
E70A   F9 4C 44 20 53 50 2C 48 CC DB   0xF9,0x4C,0x44,0x20,0x53,0x50,0x2C,0x48,0xCC   ;LD SP,HL
E713   FB 45 C9               DB   0xFB,0x45,0xC9   ;EI
E716                             ; 
E716                TBL_EXC:      
E716   44 4E 45 C7            DB   0x44,0x4E,0x45,0xC7   ;NEG
E71A   45 52 45 54 CE         DB   0x45,0x52,0x45,0x54,0xCE   ;RETN
E71F   46 49 4D 20 B0         DB   0x46,0x49,0x4D,0x20,0xB0   ;IM 0
E724   47 4C 44 20 49 2C C1   DB   0x47,0x4C,0x44,0x20,0x49,0x2C,0xC1   ;LD I,A
E72B   4D 52 45 54 C9         DB   0x4D,0x52,0x45,0x54,0xC9   ;RETI
E730   4F 4C 44 20 52 2C C1   DB   0x4F,0x4C,0x44,0x20,0x52,0x2C,0xC1   ;LD R,A
E737   56 49 4D 20 B1         DB   0x56,0x49,0x4D,0x20,0xB1   ;IM 1
E73C   57 4C 44 20 41 2C C9   DB   0x57,0x4C,0x44,0x20,0x41,0x2C,0xC9   ;LD A,I
E743   5E 49 4D 20 B2         DB   0x5E,0x49,0x4D,0x20,0xB2   ;IM 2
E748   5F 4C 44 20 41 2C D2   DB   0x5F,0x4C,0x44,0x20,0x41,0x2C,0xD2   ;LD A,R
E74F   67 52 52 C4            DB   0x67,0x52,0x52,0xC4   ;RRD
E753   6F 52 4C C4            DB   0x6F,0x52,0x4C,0xC4   ;RLD
E757   A0 4C 44 C9            DB   0xA0,0x4C,0x44,0xC9   ;LDI
E75B   A1 43 50 C9            DB   0xA1,0x43,0x50,0xC9   ;CPI
E75F   A2 49 4E C9            DB   0xA2,0x49,0x4E,0xC9   ;INI
E763   A3 4F 55 54 C9         DB   0xA3,0x4F,0x55,0x54,0xC9   ;OUTI
E768   A8 4C 44 C4            DB   0xA8,0x4C,0x44,0xC4   ;LDD
E76C   A9 43 50 C4            DB   0xA9,0x43,0x50,0xC4   ;CPD
E770   AA 49 4E C4            DB   0xAA,0x49,0x4E,0xC4   ;IND
E774   AB 4F 55 54 C4         DB   0xAB,0x4F,0x55,0x54,0xC4   ;OUTD
E779   B0 4C 44 49 D2         DB   0xB0,0x4C,0x44,0x49,0xD2   ;LDIR
E77E   B1 43 50 49 D2         DB   0xB1,0x43,0x50,0x49,0xD2   ;CPIR
E783   B2 49 4E 49 D2         DB   0xB2,0x49,0x4E,0x49,0xD2   ;INIR
E788   B3 4F 54 49 D2         DB   0xB3,0x4F,0x54,0x49,0xD2   ;OTIR
E78D   B8 4C 44 44 D2         DB   0xB8,0x4C,0x44,0x44,0xD2   ;LDDR
E792   B9 43 50 44 D2         DB   0xB9,0x43,0x50,0x44,0xD2   ;CPDR
E797   BA 49 4E 44 D2         DB   0xBA,0x49,0x4E,0x44,0xD2   ;INDR
E79C   BB 4F 54 44 D2         DB   0xBB,0x4F,0x54,0x44,0xD2   ;OTDR
E7A1                             ; 
E7A1                TBL_REG:      
E7A1   42 43                  DB   0x42,0x43   ;BC
E7A3   44 45                  DB   0x44,0x45   ;DE
E7A5   48 4C                  DB   0x48,0x4C   ;HL
E7A7   2C 41                  DB   0x2C,0x41   ;,A
E7A9   28 48 4C 29            DB   0x28,0x48,0x4C,0x29   ;(HL)
E7AD   28 49 58 2B 20 1F 29   DB   0x28,0x49,0x58,0x2B,0x20,0x1F,0x29   ;(IX+__)
E7B4   28 49 59 2B 20 1F 29   DB   0x28,0x49,0x59,0x2B,0x20,0x1F,0x29   ;(IY+__)
E7BB                             ; 
E7BB                TBL_SREG:      
E7BB   42                     DB   0x42   ;B
E7BC   43                     DB   0x43   ;C
E7BD   44                     DB   0x44   ;D
E7BE   45                     DB   0x45   ;E
E7BF   48                     DB   0x48   ;H
E7C0   4C                     DB   0x4C   ;L
E7C1   53                     DB   0x53   ;S
E7C2   50                     DB   0x50   ;P
E7C3   28 43 29               DB   0x28,0x43,0x29   ;(C)
E7C6                             ; 
E7C6   FF FF                  DB   0xFF,0xFF   ;FILL
E7C8                             ; 
E7C8                             ;Entry Point to Disassembler if using BMON LCD Expansion
E7C8                BMON_CALL:      
E7C8   ED 73 DE 08            LD   (DISOSP),SP   
E7CC   31 B7 08               LD   SP,DISSP   
E7CF   21 2E 08               LD   HL,CEL   
E7D2   11 8D 08               LD   DE,PERFROM   
E7D5   01 02 00               LD   BC,0x0002   
E7D8   ED B0                  LDIR      
E7DA                BMON_DISP:      
E7DA   CD 00 E0               CALL   DIS_START   
E7DD   ED 7B DE 08            LD   SP,(DISOSP)   
E7E1   F7                     RST   0x30   
E7E2   3E 96                  LD   A,0x96   
E7E4   D3 04                  OUT   (LCDCOM),A   
E7E6   21 C9 08               LD   HL,DISLINE2   
E7E9   06 10                  LD   B,0x10   
E7EB   CD F8 E7               CALL   LCD_LINE   
E7EE   F7                     RST   0x30   
E7EF   3E D6                  LD   A,0xD6   
E7F1   D3 04                  OUT   (LCDCOM),A   
E7F3   21 B7 08               LD   HL,DISLINE1   
E7F6   06 10                  LD   B,0x10   
E7F8                LCD_LINE:      
E7F8   F7                     RST   0x30   
E7F9   7E                     LD   A,(HL)   
E7FA   D3 84                  OUT   (LCDDAT),A   
E7FC   23                     INC   HL   
E7FD   10 F9                  DJNZ   LCD_LINE   
E7FF   C9                     RET      
E800                             ; 
E800                             ; 


DISLINE1:           08B7 DEFINED AT LINE 15
                    > USED AT LINE 32
                    > USED AT LINE 42
                    > USED AT LINE 1143
DISLINE2:           08C9 DEFINED AT LINE 16
                    > USED AT LINE 255
                    > USED AT LINE 1137
DISPTR:             08DB DEFINED AT LINE 17
                    > USED AT LINE 35
                    > USED AT LINE 46
                    > USED AT LINE 230
                    > USED AT LINE 232
                    > USED AT LINE 236
                    > USED AT LINE 239
                    > USED AT LINE 243
                    > USED AT LINE 256
                    > USED AT LINE 262
                    > USED AT LINE 267
                    > USED AT LINE 306
                    > USED AT LINE 309
                    > USED AT LINE 326
                    > USED AT LINE 331
                    > USED AT LINE 561
                    > USED AT LINE 569
                    > USED AT LINE 672
                    > USED AT LINE 807
                    > USED AT LINE 811
                    > USED AT LINE 813
                    > USED AT LINE 817
                    > USED AT LINE 855
                    > USED AT LINE 867
                    > USED AT LINE 871
                    > USED AT LINE 889
DISFLAG:            08DD DEFINED AT LINE 18
                    > USED AT LINE 34
                    > USED AT LINE 188
                    > USED AT LINE 209
                    > USED AT LINE 885
                    > USED AT LINE 925
                    > USED AT LINE 944
                    > USED AT LINE 961
                    > USED AT LINE 997
DISOSP:             08DE DEFINED AT LINE 19
                    > USED AT LINE 1125
                    > USED AT LINE 1133
DISSP:              08B7 DEFINED AT LINE 20
                    > USED AT LINE 1126
CEL:                082E DEFINED AT LINE 23
                    > USED AT LINE 1127
PERFROM:            088D DEFINED AT LINE 24
                    > USED AT LINE 36
                    > USED AT LINE 59
                    > USED AT LINE 61
                    > USED AT LINE 167
                    > USED AT LINE 226
                    > USED AT LINE 334
                    > USED AT LINE 346
                    > USED AT LINE 386
                    > USED AT LINE 397
                    > USED AT LINE 411
                    > USED AT LINE 709
                    > USED AT LINE 784
                    > USED AT LINE 890
                    > USED AT LINE 894
                    > USED AT LINE 914
                    > USED AT LINE 917
                    > USED AT LINE 969
                    > USED AT LINE 1128
LCDCOM:             0004 DEFINED AT LINE 27
                    > USED AT LINE 1136
                    > USED AT LINE 1142
LCDDAT:             0084 DEFINED AT LINE 28
                    > USED AT LINE 1148
DIS_START:          E000 DEFINED AT LINE 31
                    > USED AT LINE 1132
L0X302E:            E033 DEFINED AT LINE 58
                    > USED AT LINE 53
L0X3031:            E03B DEFINED AT LINE 63
                    > USED AT LINE 54
L0X3049:            E053 DEFINED AT LINE 76
                    > USED AT LINE 72
L0X304D:            E057 DEFINED AT LINE 79
                    > USED AT LINE 65
                    > USED AT LINE 74
L0X304F:            E059 DEFINED AT LINE 82
                    > USED AT LINE 67
L0X3055:            E05F DEFINED AT LINE 86
                    > USED AT LINE 84
                    > USED AT LINE 486
                    > USED AT LINE 658
L0X305A:            E064 DEFINED AT LINE 89
                    > USED AT LINE 85
L0X305B:            E065 DEFINED AT LINE 91
                    > USED AT LINE 197
L0X3073:            E07D DEFINED AT LINE 104
                    > USED AT LINE 93
L0X3086:            E090 DEFINED AT LINE 115
                    > USED AT LINE 113
                    > USED AT LINE 703
                    > USED AT LINE 825
L0X3092:            E09C DEFINED AT LINE 121
                    > USED AT LINE 114
L0X3096:            E0A0 DEFINED AT LINE 125
                    > USED AT LINE 196
                    > USED AT LINE 352
L0X30A4:            E0AE DEFINED AT LINE 134
                    > USED AT LINE 132
L0X30B0:            E0BA DEFINED AT LINE 143
                    > USED AT LINE 127
L0X30C1:            E0CB DEFINED AT LINE 153
                    > USED AT LINE 148
                    > USED AT LINE 151
L0X30D7:            E0E1 DEFINED AT LINE 166
                    > USED AT LINE 78
L0X30EA:            E0F4 DEFINED AT LINE 179
                    > USED AT LINE 171
L0X30ED:            E0F7 DEFINED AT LINE 182
                    > USED AT LINE 176
L0X30FB:            E105 DEFINED AT LINE 192
                    > USED AT LINE 190
L0X3106:            E110 DEFINED AT LINE 198
                    > USED AT LINE 99
                    > USED AT LINE 124
                    > USED AT LINE 142
                    > USED AT LINE 165
                    > USED AT LINE 507
                    > USED AT LINE 918
                    > USED AT LINE 967
L0X3107:            E111 DEFINED AT LINE 200
                    > USED AT LINE 103
L0X310B:            E115 DEFINED AT LINE 203
                    > USED AT LINE 119
                    > USED AT LINE 260
                    > USED AT LINE 424
                    > USED AT LINE 428
                    > USED AT LINE 432
                    > USED AT LINE 442
                    > USED AT LINE 462
                    > USED AT LINE 465
                    > USED AT LINE 745
                    > USED AT LINE 763
                    > USED AT LINE 939
                    > USED AT LINE 942
L0X310D:            E117 DEFINED AT LINE 205
                    > USED AT LINE 214
                    > USED AT LINE 223
                    > USED AT LINE 459
                    > USED AT LINE 750
                    > USED AT LINE 959
L0X3112:            E11C DEFINED AT LINE 208
                    > USED AT LINE 202
L0X311E:            E128 DEFINED AT LINE 215
                    > USED AT LINE 211
L0X3126:            E130 DEFINED AT LINE 221
                    > USED AT LINE 219
L0X3134:            E13E DEFINED AT LINE 229
                    > USED AT LINE 227
L0X3145:            E14F DEFINED AT LINE 238
                    > USED AT LINE 207
                    > USED AT LINE 381
L0X3153:            E15D DEFINED AT LINE 246
                    > USED AT LINE 112
                    > USED AT LINE 139
                    > USED AT LINE 155
                    > USED AT LINE 369
                    > USED AT LINE 489
                    > USED AT LINE 535
                    > USED AT LINE 552
                    > USED AT LINE 582
                    > USED AT LINE 605
                    > USED AT LINE 701
                    > USED AT LINE 740
                    > USED AT LINE 756
                    > USED AT LINE 772
                    > USED AT LINE 776
                    > USED AT LINE 834
L0X315D:            E169 DEFINED AT LINE 254
                    > USED AT LINE 351
                    > USED AT LINE 366
L0X3164:            E170 DEFINED AT LINE 258
                    > USED AT LINE 100
                    > USED AT LINE 120
                    > USED AT LINE 162
                    > USED AT LINE 360
                    > USED AT LINE 409
                    > USED AT LINE 425
                    > USED AT LINE 440
                    > USED AT LINE 449
                    > USED AT LINE 476
                    > USED AT LINE 522
                    > USED AT LINE 723
                    > USED AT LINE 728
                    > USED AT LINE 746
                    > USED AT LINE 758
                    > USED AT LINE 779
L0X3169:            E175 DEFINED AT LINE 261
                    > USED AT LINE 253
                    > USED AT LINE 271
L0X317B:            E187 DEFINED AT LINE 272
                    > USED AT LINE 116
L0X3182:            E18E DEFINED AT LINE 278
                    > USED AT LINE 275
L0X3188:            E194 DEFINED AT LINE 283
                    > USED AT LINE 280
L0X318A:            E196 DEFINED AT LINE 286
                    > USED AT LINE 38
                    > USED AT LINE 979
L0X3191:            E19D DEFINED AT LINE 292
                    > USED AT LINE 234
                    > USED AT LINE 289
                    > USED AT LINE 339
                    > USED AT LINE 389
                    > USED AT LINE 394
                    > USED AT LINE 413
                    > USED AT LINE 686
L0X319A:            E1A6 DEFINED AT LINE 300
                    > USED AT LINE 161
                    > USED AT LINE 298
L0X31AC:            E1B8 DEFINED AT LINE 312
                    > USED AT LINE 97
                    > USED AT LINE 106
                    > USED AT LINE 128
                    > USED AT LINE 158
                    > USED AT LINE 406
                    > USED AT LINE 506
                    > USED AT LINE 696
                    > USED AT LINE 743
                    > USED AT LINE 761
L0X31B7:            E1C3 DEFINED AT LINE 322
                    > USED AT LINE 270
                    > USED AT LINE 340
L0X31B9:            E1C5 DEFINED AT LINE 324
                    > USED AT LINE 40
L0X31BE:            E1CA DEFINED AT LINE 327
                    > USED AT LINE 330
L0X31C6:            E1D2 DEFINED AT LINE 333
                    > USED AT LINE 350
                    > USED AT LINE 365
L0X31CA:            E1D6 DEFINED AT LINE 335
                    > USED AT LINE 344
L0X31DE:            E1EA DEFINED AT LINE 348
                    > USED AT LINE 69
L0X31E9:            E1F5 DEFINED AT LINE 353
                    > USED AT LINE 912
L0X31FD:            E209 DEFINED AT LINE 362
                    > USED AT LINE 357
                    > USED AT LINE 897
L0X31FF:            E20B DEFINED AT LINE 364
                    > USED AT LINE 88
                    > USED AT LINE 193
                    > USED AT LINE 467
                    > USED AT LINE 533
                    > USED AT LINE 550
                    > USED AT LINE 601
                    > USED AT LINE 622
                    > USED AT LINE 717
                    > USED AT LINE 794
                    > USED AT LINE 831
                    > USED AT LINE 853
                    > USED AT LINE 902
L0X3205:            E211 DEFINED AT LINE 367
                    > USED AT LINE 95
                    > USED AT LINE 358
                    > USED AT LINE 468
                    > USED AT LINE 718
L0X320A:            E216 DEFINED AT LINE 370
                    > USED AT LINE 359
                    > USED AT LINE 725
                    > USED AT LINE 727
                    > USED AT LINE 781
L0X320B:            E217 DEFINED AT LINE 372
                    > USED AT LINE 430
                    > USED AT LINE 484
                    > USED AT LINE 495
                    > USED AT LINE 524
                    > USED AT LINE 675
L0X3221:            E22D DEFINED AT LINE 385
                    > USED AT LINE 361
                    > USED AT LINE 463
                    > USED AT LINE 608
                    > USED AT LINE 638
L0X3236:            E242 DEFINED AT LINE 399
                    > USED AT LINE 356
L0X324D:            E259 DEFINED AT LINE 410
                    > USED AT LINE 705
                    > USED AT LINE 812
L0X3254:            E260 DEFINED AT LINE 414
                    > USED AT LINE 402
L0X326B:            E277 DEFINED AT LINE 426
                    > USED AT LINE 985
L0X327B:            E287 DEFINED AT LINE 433
                    > USED AT LINE 419
L0X3287:            E293 DEFINED AT LINE 439
                    > USED AT LINE 802
L0X3290:            E29C DEFINED AT LINE 443
                    > USED AT LINE 435
L0X32A0:            E2AC DEFINED AT LINE 451
                    > USED AT LINE 475
L0X32A4:            E2B0 DEFINED AT LINE 454
                    > USED AT LINE 521
                    > USED AT LINE 778
L0X32A7:            E2B3 DEFINED AT LINE 456
                    > USED AT LINE 453
L0X32AF:            E2BB DEFINED AT LINE 460
                    > USED AT LINE 448
                    > USED AT LINE 477
                    > USED AT LINE 722
                    > USED AT LINE 729
L0X32BE:            E2CA DEFINED AT LINE 466
                    > USED AT LINE 404
                    > USED AT LINE 421
                    > USED AT LINE 437
                    > USED AT LINE 447
                    > USED AT LINE 473
L0X32C4:            E2D0 DEFINED AT LINE 469
                    > USED AT LINE 445
L0X32D6:            E2E2 DEFINED AT LINE 478
                    > USED AT LINE 471
L0X32E3:            E2EF DEFINED AT LINE 485
                    > USED AT LINE 482
                    > USED AT LINE 503
L0X32E8:            E2F4 DEFINED AT LINE 488
                    > USED AT LINE 607
                    > USED AT LINE 624
                    > USED AT LINE 660
L0X32EB:            E2F7 DEFINED AT LINE 490
                    > USED AT LINE 481
L0X32F6:            E302 DEFINED AT LINE 496
                    > USED AT LINE 493
                    > USED AT LINE 511
L0X32FB:            E307 DEFINED AT LINE 499
                    > USED AT LINE 492
L0X3305:            E311 DEFINED AT LINE 505
                    > USED AT LINE 513
L0X330B:            E317 DEFINED AT LINE 508
                    > USED AT LINE 502
L0X3315:            E321 DEFINED AT LINE 514
                    > USED AT LINE 510
L0X332B:            E337 DEFINED AT LINE 525
                    > USED AT LINE 518
L0X3332:            E33E DEFINED AT LINE 530
                    > USED AT LINE 541
L0X334B:            E34B DEFINED AT LINE 537
                    > USED AT LINE 528
L0X3353:            E353 DEFINED AT LINE 542
                    > USED AT LINE 539
FIXCOMMA:           E36F DEFINED AT LINE 558
                    > USED AT LINE 555
                    > USED AT LINE 637
L0X336C:            E383 DEFINED AT LINE 574
                    > USED AT LINE 554
L0X336E:            E385 DEFINED AT LINE 576
                    > USED AT LINE 592
L0X3377:            E38E DEFINED AT LINE 583
                    > USED AT LINE 546
L0X3389:            E399 DEFINED AT LINE 590
                    > USED AT LINE 627
L0X338D:            E39D DEFINED AT LINE 593
                    > USED AT LINE 588
L0X3391:            E3A1 DEFINED AT LINE 596
                    > USED AT LINE 586
L0X3393:            E3A3 DEFINED AT LINE 598
                    > USED AT LINE 595
L0X33A1:            E3B1 DEFINED AT LINE 606
                    > USED AT LINE 604
L0X33A7:            E3B7 DEFINED AT LINE 609
                    > USED AT LINE 589
L0X33B8:            E3C8 DEFINED AT LINE 619
                    > USED AT LINE 615
                    > USED AT LINE 636
L0X33C5:            E3D5 DEFINED AT LINE 628
                    > USED AT LINE 612
L0X33CE:            E3DE DEFINED AT LINE 634
                    > USED AT LINE 643
L0X33D6:            E3E9 DEFINED AT LINE 639
                    > USED AT LINE 632
L0X33DE:            E3F1 DEFINED AT LINE 644
                    > USED AT LINE 641
L0X33E9:            E3FC DEFINED AT LINE 651
                    > USED AT LINE 648
L0X33EE:            E401 DEFINED AT LINE 655
                    > USED AT LINE 650
L0X3401:            E414 DEFINED AT LINE 667
                    > USED AT LINE 664
L0X340B:            E41E DEFINED AT LINE 674
                    > USED AT LINE 666
L0X340E:            E421 DEFINED AT LINE 676
                    > USED AT LINE 57
L0X3421:            E434 DEFINED AT LINE 687
                    > USED AT LINE 679
L0X3439:            E44C DEFINED AT LINE 702
L0X3440:            E453 DEFINED AT LINE 706
                    > USED AT LINE 691
L0X3468:            E47B DEFINED AT LINE 726
                    > USED AT LINE 720
L0X3471:            E484 DEFINED AT LINE 730
                    > USED AT LINE 715
L0X3475:            E488 DEFINED AT LINE 733
                    > USED AT LINE 795
L0X348E:            E4A1 DEFINED AT LINE 747
                    > USED AT LINE 757
L0X3496:            E4A9 DEFINED AT LINE 751
                    > USED AT LINE 737
L0X34AF:            E4C2 DEFINED AT LINE 764
                    > USED AT LINE 753
L0X34C0:            E4D3 DEFINED AT LINE 774
                    > USED AT LINE 770
L0X34C5:            E4D8 DEFINED AT LINE 777
                    > USED AT LINE 773
L0X34CF:            E4E2 DEFINED AT LINE 782
                    > USED AT LINE 793
L0X34DF:            E4F2 DEFINED AT LINE 791
                    > USED AT LINE 732
L0X34E8:            E4FB DEFINED AT LINE 796
                    > USED AT LINE 708
                    > USED AT LINE 766
L0X34F7:            E50A DEFINED AT LINE 803
                    > USED AT LINE 693
                    > USED AT LINE 800
                    > USED AT LINE 823
L0X34FB:            E50E DEFINED AT LINE 806
                    > USED AT LINE 801
                    > USED AT LINE 826
L0X3502:            E526 DEFINED AT LINE 819
                    > USED AT LINE 798
L0X3511:            E537 DEFINED AT LINE 827
                    > USED AT LINE 498
                    > USED AT LINE 520
                    > USED AT LINE 683
L0X3513:            E539 DEFINED AT LINE 829
                    > USED AT LINE 805
L0X351D:            E543 DEFINED AT LINE 836
                    > USED AT LINE 51
                    > USED AT LINE 988
L0X3522:            E548 DEFINED AT LINE 839
                    > USED AT LINE 790
                    > USED AT LINE 847
L0X3525:            E54B DEFINED AT LINE 842
                    > USED AT LINE 845
L0X352F:            E555 DEFINED AT LINE 850
                    > USED AT LINE 841
L0X3539:            E55F DEFINED AT LINE 856
                    > USED AT LINE 862
L0X354B:            E571 DEFINED AT LINE 870
                    > USED AT LINE 821
L0X3559:            E57F DEFINED AT LINE 878
                    > USED AT LINE 873
L0X3562:            E588 DEFINED AT LINE 884
                    > USED AT LINE 877
L0X358D:            E5B3 DEFINED AT LINE 908
                    > USED AT LINE 906
L0X3590:            E5B6 DEFINED AT LINE 911
                    > USED AT LINE 880
L0X3593:            E5B9 DEFINED AT LINE 913
                    > USED AT LINE 964
L0X35A6:            E5C4 DEFINED AT LINE 919
                    > USED AT LINE 375
L0X35B5:            E5D3 DEFINED AT LINE 930
                    > USED AT LINE 927
L0X35BB:            E5D9 DEFINED AT LINE 935
                    > USED AT LINE 932
L0X35CD:            E5EB DEFINED AT LINE 943
                    > USED AT LINE 455
                    > USED AT LINE 940
L0X35D9:            E5F7 DEFINED AT LINE 950
                    > USED AT LINE 947
L0X35E0:            E5FE DEFINED AT LINE 955
                    > USED AT LINE 952
L0X35E2:            E600 DEFINED AT LINE 957
                    > USED AT LINE 949
                    > USED AT LINE 954
L0X35E7:            E605 DEFINED AT LINE 960
                    > USED AT LINE 408
L0X35EB:            E609 DEFINED AT LINE 963
                    > USED AT LINE 966
L0X35F3:            E611 DEFINED AT LINE 968
                    > USED AT LINE 536
                    > USED AT LINE 556
L0X35FD:            E61B DEFINED AT LINE 975
                    > USED AT LINE 973
L0X3603:            E621 DEFINED AT LINE 980
                    > USED AT LINE 438
L0X360A:            E628 DEFINED AT LINE 986
                    > USED AT LINE 909
L0X360E:            E62C DEFINED AT LINE 989
                    > USED AT LINE 993
TBL_OPS:            E63E DEFINED AT LINE 1005
                    > USED AT LINE 247
TBL_FLG:            E699 DEFINED AT LINE 1038
TBL_OBT:            E6AE DEFINED AT LINE 1050
                    > USED AT LINE 838
TBL_EXC:            E716 DEFINED AT LINE 1071
                    > USED AT LINE 787
TBL_REG:            E7A1 DEFINED AT LINE 1101
                    > USED AT LINE 206
                    > USED AT LINE 380
TBL_SREG:           E7BB DEFINED AT LINE 1110
BMON_CALL:          E7C8 DEFINED AT LINE 1124
BMON_DISP:          E7DA DEFINED AT LINE 1131
LCD_LINE:           E7F8 DEFINED AT LINE 1145
                    > USED AT LINE 1139
                    > USED AT LINE 1150
